[2024-07-01 15:08:55] Nianqi has been fed
[2024-07-02 15:08:55] Legao has been fed
[2024-07-03 15:08:55] Laoli has been fed
[2024-07-04 15:08:55] Nianqi has been fed
[2024-07-05 15:08:55] Nianqi has been fed

[2024-07-08 19:52:05] Nianqi has been fed
[2024-07-08 19:52:47] Yangqiqi has been fed

[2024-07-08 20:06:22] Nianqi has been fed
[2024-07-08 20:07:12] Nianqi has been fed
[2024-07-08 20:10:49] Nianqi has been fed
[2024-07-08 20:11:01] Nianqi has been fed
[2024-07-08 20:12:30] Nianqi has been fed

[2024-07-08 20:13:12] Nianqi has been fed

[2024-07-08 20:14:20] Data of Laoli has been updated
[2024-07-08 20:14:49] Data of Nianqi has been updated
[2024-07-08 20:15:03] Data of Yangqiqi has been updated
[2024-07-08 20:15:36] Laoli has been fed

[2024-07-08 21:16:51] Data of Leogao has been added
[2024-07-08 21:16:54] Leogao has been fed

[2024-07-08 22:12:31] Legao has been fed

[2024-07-08 22:15:37] Leogao has been fed

[2024-07-10 22:47:44] Data of Nianqi has been added
[2024-07-10 22:47:59] Data of Nianqi has been deleted
[2024-07-10 22:49:46] Data of Nianqi has been deleted
[2024-07-10 22:50:43] Data of Nianqi has been added
[2024-07-10 22:51:07] Data of Laoli has been added
[2024-07-10 22:51:39] Data of Legao has been added
[2024-07-10 22:53:11] Data of Mao1 has been added
[2024-07-10 22:53:43] Mao1 has been fed

